<?xml version="1.0" encoding="UTF-8"?>
<testng-results skipped="0" failed="0" total="1" passed="1">
  <reporter-output>
  </reporter-output>
  <suite name="Suite" duration-ms="9344" started-at="2016-02-17T06:17:40Z" finished-at="2016-02-17T06:17:50Z">
    <groups>
    </groups>
    <test name="Test" duration-ms="9344" started-at="2016-02-17T06:17:40Z" finished-at="2016-02-17T06:17:50Z">
      <class name="SeleniumDemo.DemoWithTestNg">
        <test-method status="PASS" signature="beforeMethod()[pri:0, instance:SeleniumDemo.DemoWithTestNg@387c703b]" name="beforeMethod" is-config="true" duration-ms="7649" started-at="2016-02-17T11:47:40Z" finished-at="2016-02-17T11:47:48Z">
          <reporter-output>
          </reporter-output>
        </test-method> <!-- beforeMethod -->
        <test-method status="PASS" signature="Demo()[pri:0, instance:SeleniumDemo.DemoWithTestNg@387c703b]" name="Demo" duration-ms="53" started-at="2016-02-17T11:47:48Z" finished-at="2016-02-17T11:47:48Z">
          <reporter-output>
          </reporter-output>
        </test-method> <!-- Demo -->
        <test-method status="PASS" signature="afterMethod()[pri:0, instance:SeleniumDemo.DemoWithTestNg@387c703b]" name="afterMethod" is-config="true" duration-ms="1631" started-at="2016-02-17T11:47:48Z" finished-at="2016-02-17T11:47:50Z">
          <reporter-output>
          </reporter-output>
        </test-method> <!-- afterMethod -->
      </class> <!-- SeleniumDemo.DemoWithTestNg -->
    </test> <!-- Test -->
  </suite> <!-- Suite -->
</testng-results>
